2018-11-17 00:20:50 INFO  MyBikeImpl:53 - Creamdo usuario
2018-11-17 00:20:50 INFO  MyBikeImpl:56 - Usuario completado
2018-11-17 00:20:50 INFO  MyBikeImpl:45 - numero de estationes0
2018-11-17 00:20:50 DEBUG MyBikeImpl:49 - completado
2018-11-17 00:20:50 INFO  MyBikeImpl:45 - numero de estationes1
2018-11-17 00:20:50 DEBUG MyBikeImpl:49 - completado
2018-11-17 00:20:50 DEBUG MyBikeImpl:81 - Bici Añadida
2018-11-17 00:20:50 DEBUG MyBikeImpl:81 - Bici Añadida
2018-11-17 00:20:50 DEBUG MyBikeImpl:81 - Bici Añadida
2018-11-17 00:20:50 DEBUG MyBikeImpl:81 - Bici Añadida
2018-11-17 00:20:50 DEBUG MyBikeImpl:81 - Bici Añadida
2018-11-17 00:20:50 DEBUG MyBikeImpl:81 - Bici Añadida
2018-11-17 00:20:50 INFO  MyBikeImpl:45 - numero de estationes2
2018-11-17 00:20:50 DEBUG MyBikeImpl:49 - completado
2018-11-17 00:20:50 DEBUG MyBikeImpl:81 - Bici Añadida
2018-11-17 00:20:50 DEBUG MyBikeImpl:81 - Bici Añadida
2018-11-17 00:20:50 ERROR MyBikeImpl:72 - estacion llena
2018-11-17 00:20:50 INFO  MyBikeImpl:53 - Creamdo usuario
2018-11-17 00:20:50 INFO  MyBikeImpl:56 - Usuario completado
2018-11-17 00:20:50 INFO  MyBikeImpl:45 - numero de estationes3
2018-11-17 00:20:50 DEBUG MyBikeImpl:49 - completado
2018-11-17 00:20:50 INFO  MyBikeImpl:45 - numero de estationes4
2018-11-17 00:20:50 DEBUG MyBikeImpl:49 - completado
2018-11-17 00:20:50 INFO  MyBikeImpl:53 - Creamdo usuario
2018-11-17 00:20:50 INFO  MyBikeImpl:56 - Usuario completado
2018-11-17 00:20:50 INFO  MyBikeImpl:45 - numero de estationes5
2018-11-17 00:20:50 DEBUG MyBikeImpl:49 - completado
2018-11-17 00:20:50 INFO  MyBikeImpl:45 - numero de estationes6
2018-11-17 00:20:50 DEBUG MyBikeImpl:49 - completado
2018-11-17 00:20:50 INFO  MyBikeImpl:53 - Creamdo usuario
2018-11-17 00:20:50 INFO  MyBikeImpl:56 - Usuario completado
2018-11-17 00:20:50 INFO  MyBikeImpl:45 - numero de estationes7
2018-11-17 00:20:50 DEBUG MyBikeImpl:49 - completado
2018-11-17 00:20:50 INFO  MyBikeImpl:45 - numero de estationes8
2018-11-17 00:20:50 DEBUG MyBikeImpl:49 - completado
2018-11-17 00:20:50 INFO  MyBikeImpl:53 - Creamdo usuario
2018-11-17 00:20:50 INFO  MyBikeImpl:56 - Usuario completado
2018-11-17 00:20:50 INFO  MyBikeImpl:45 - numero de estationes9
2018-11-17 00:20:50 DEBUG MyBikeImpl:49 - completado
2018-11-17 00:20:50 INFO  MyBikeImpl:45 - numero de estationes10
2018-11-17 00:20:50 INFO  MyBikeImpl:53 - Creamdo usuario
2018-11-17 00:20:50 INFO  MyBikeImpl:56 - Usuario completado
2018-11-17 00:20:50 INFO  MyBikeImpl:45 - numero de estationes10
2018-11-17 00:20:50 INFO  MyBikeImpl:53 - Creamdo usuario
2018-11-17 00:20:50 INFO  MyBikeImpl:56 - Usuario completado
2018-11-17 00:20:50 INFO  MyBikeImpl:45 - numero de estationes10
